[22/Feb/2021:15:16:59] (I): WordPress Instance Info:
[22/Feb/2021:15:16:59] (I): Home URL : http://localhost:8888
[22/Feb/2021:15:16:59] (I): Site URL : http://localhost:8888
[22/Feb/2021:15:16:59] (I): WordPress Version : 5.7-beta3-50398
[22/Feb/2021:15:16:59] (I): Onboarding Version : 1.1.4
[22/Feb/2021:15:16:59] (I): Multisite : No
[22/Feb/2021:15:16:59] (I): Server Info : Apache/2.2.34 (Unix) mod_wsgi/3.5 Python/2.7.13 PHP/7.4.2 mod_ssl/2.2.34 OpenSSL/1.0.2o DAV/2 mod_fastcgi/mod_fastcgi-SNAP-0910052141 mod_perl/2.0.11 Perl/v5.24.0
[22/Feb/2021:15:16:59] (I): PHP Version : 7.4.2
[22/Feb/2021:15:16:59] (I): HTTPS : No
[22/Feb/2021:15:16:59] (I): PHP Max Execution Time : 300
[22/Feb/2021:15:16:59] (I): PHP Max Input Vars : 1000
[22/Feb/2021:15:16:59] (I): Max Upload Size : 2147483648
[22/Feb/2021:15:16:59] (I): Plugins:
[22/Feb/2021:15:16:59] (I): [PLUGIN] Dokan : v3.2.1 (weDevs)
[22/Feb/2021:15:16:59] (I): [PLUGIN] Elementor : v3.1.1 (Elementor.com)
[22/Feb/2021:15:16:59] (I): [PLUGIN] Templates Patterns Collection : v1.1.4 (ThemeIsle)
[22/Feb/2021:15:16:59] (I): [PLUGIN] Orbit Fox Companion : v2.10.3 (Themeisle)
[22/Feb/2021:15:16:59] (I): [PLUGIN] User Switching : v1.5.6 (John Blackbourn &amp; contributors)
[22/Feb/2021:15:16:59] (I): [PLUGIN] WooCommerce Stripe Gateway : v4.8.0 (WooCommerce)
[22/Feb/2021:15:16:59] (I): [PLUGIN] WooCommerce Square : v2.3.4 (WooCommerce)
[22/Feb/2021:15:16:59] (I): [PLUGIN] WooCommerce : v5.0.0 (Automattic)
[22/Feb/2021:15:17:00] (P): Saving remote XML
[22/Feb/2021:15:17:00] (S): Saved remote XML at path /Applications/MAMP/htdocs/wp-content/uploads/themeisle-demo-import.xml.
[22/Feb/2021:15:17:00] (P): Starting content import...
[22/Feb/2021:15:17:00] (S): Import started.
[22/Feb/2021:15:17:00] (S): Parsing XML file.
[22/Feb/2021:15:17:00] (P): Starting parsing file:/Applications/MAMP/htdocs/wp-content/uploads/themeisle-demo-import.xml
[22/Feb/2021:15:17:00] (P): Using WXR_Parser_SimpleXML...
[22/Feb/2021:15:17:00] (S): Parsed XML
[22/Feb/2021:15:17:00] (P): Processing categories...
[22/Feb/2021:15:17:00] (S): Processed categories.
[22/Feb/2021:15:17:00] (P): Processing tags...
[22/Feb/2021:15:17:00] (S): No tags to process.
[22/Feb/2021:15:17:00] (P): Processing terms...
[22/Feb/2021:15:17:00] (S): Processed terms.
[22/Feb/2021:15:17:00] (P): Processing posts...
[22/Feb/2021:15:17:00] (P): Processing attachment: https://s33834.pcdn.co/shop/wp-content/uploads/sites/188/2019/03/nv-shop-slide1.jpg...
[22/Feb/2021:15:17:00] (P): Fetching attachment from url: https://s33834.pcdn.co/shop/wp-content/uploads/sites/188/2019/03/nv-shop-slide1.jpg...
[22/Feb/2021:15:17:00] (S): Fetched remote attachment.
[22/Feb/2021:15:17:00] (P): Inserting attachment...
[22/Feb/2021:15:17:00] (S): Attachment inserted
[22/Feb/2021:15:17:00] (S): Processed attachment.
[22/Feb/2021:15:17:00] (P): Processing attachment: https://s33834.pcdn.co/shop/wp-content/uploads/sites/188/2019/04/placeholder-image.png...
[22/Feb/2021:15:17:00] (P): Fetching attachment from url: https://s33834.pcdn.co/shop/wp-content/uploads/sites/188/2019/04/placeholder-image.png...
[22/Feb/2021:15:17:00] (S): Fetched remote attachment.
[22/Feb/2021:15:17:00] (P): Inserting attachment...
[22/Feb/2021:15:17:00] (S): Attachment inserted
[22/Feb/2021:15:17:00] (S): Processed attachment.
[22/Feb/2021:15:17:00] (P): Processing attachment: https://s33834.pcdn.co/shop/wp-content/uploads/sites/188/2019/03/ayo-ogunseinde-6W4F62sN_yI-unsplash-1.jpg...
[22/Feb/2021:15:17:00] (P): Fetching attachment from url: https://s33834.pcdn.co/shop/wp-content/uploads/sites/188/2019/03/ayo-ogunseinde-6W4F62sN_yI-unsplash-1.jpg...
[22/Feb/2021:15:17:00] (S): Fetched remote attachment.
[22/Feb/2021:15:17:00] (P): Inserting attachment...
[22/Feb/2021:15:17:00] (S): Attachment inserted
[22/Feb/2021:15:17:00] (S): Processed attachment.
[22/Feb/2021:15:17:00] (P): Processing attachment: https://s33834.pcdn.co/shop/wp-content/uploads/sites/188/2019/03/fezbot2000-nahUo1GhcrA-unsplash.jpg...
[22/Feb/2021:15:17:00] (P): Fetching attachment from url: https://s33834.pcdn.co/shop/wp-content/uploads/sites/188/2019/03/fezbot2000-nahUo1GhcrA-unsplash.jpg...
[22/Feb/2021:15:17:00] (S): Fetched remote attachment.
[22/Feb/2021:15:17:00] (P): Inserting attachment...
[22/Feb/2021:15:17:00] (S): Attachment inserted
[22/Feb/2021:15:17:00] (S): Processed attachment.
[22/Feb/2021:15:17:00] (P): Processing attachment: https://s33834.pcdn.co/shop/wp-content/uploads/sites/188/2019/03/guilherme-stecanella-9qquJNwMOos-unsplash-1.jpg...
[22/Feb/2021:15:17:00] (P): Fetching attachment from url: https://s33834.pcdn.co/shop/wp-content/uploads/sites/188/2019/03/guilherme-stecanella-9qquJNwMOos-unsplash-1.jpg...
[22/Feb/2021:15:17:00] (S): Fetched remote attachment.
[22/Feb/2021:15:17:00] (P): Inserting attachment...
[22/Feb/2021:15:17:00] (S): Attachment inserted
[22/Feb/2021:15:17:00] (S): Processed attachment.
[22/Feb/2021:15:17:00] (P): Processing attachment: https://s33834.pcdn.co/shop/wp-content/uploads/sites/188/2019/03/kal-visuals-emxAxutgt-A-unsplash.jpg...
[22/Feb/2021:15:17:00] (P): Fetching attachment from url: https://s33834.pcdn.co/shop/wp-content/uploads/sites/188/2019/03/kal-visuals-emxAxutgt-A-unsplash.jpg...
[22/Feb/2021:15:17:00] (S): Fetched remote attachment.
[22/Feb/2021:15:17:00] (P): Inserting attachment...
[22/Feb/2021:15:17:00] (S): Attachment inserted
[22/Feb/2021:15:17:00] (S): Processed attachment.
[22/Feb/2021:15:17:00] (P): Processing attachment: https://s33834.pcdn.co/shop/wp-content/uploads/sites/188/2019/03/marius-held-gzXThS9ONoI-unsplash.jpg...
[22/Feb/2021:15:17:00] (P): Fetching attachment from url: https://s33834.pcdn.co/shop/wp-content/uploads/sites/188/2019/03/marius-held-gzXThS9ONoI-unsplash.jpg...
[22/Feb/2021:15:17:01] (S): Fetched remote attachment.
[22/Feb/2021:15:17:01] (P): Inserting attachment...
[22/Feb/2021:15:17:01] (S): Attachment inserted
[22/Feb/2021:15:17:01] (S): Processed attachment.
[22/Feb/2021:15:17:01] (P): Processing attachment: https://s33834.pcdn.co/shop/wp-content/uploads/sites/188/2019/03/monica-silva-VlMMBxSZuSI-unsplash-1.jpg...
[22/Feb/2021:15:17:01] (P): Fetching attachment from url: https://s33834.pcdn.co/shop/wp-content/uploads/sites/188/2019/03/monica-silva-VlMMBxSZuSI-unsplash-1.jpg...
[22/Feb/2021:15:17:01] (S): Fetched remote attachment.
[22/Feb/2021:15:17:01] (P): Inserting attachment...
[22/Feb/2021:15:17:01] (S): Attachment inserted
[22/Feb/2021:15:17:01] (S): Processed attachment.
[22/Feb/2021:15:17:01] (P): Processing attachment: https://s33834.pcdn.co/shop/wp-content/uploads/sites/188/2019/03/roland-denes-QT94VAhgzsE-unsplash-1.jpg...
[22/Feb/2021:15:17:01] (P): Fetching attachment from url: https://s33834.pcdn.co/shop/wp-content/uploads/sites/188/2019/03/roland-denes-QT94VAhgzsE-unsplash-1.jpg...
[22/Feb/2021:15:17:01] (S): Fetched remote attachment.
[22/Feb/2021:15:17:01] (P): Inserting attachment...
[22/Feb/2021:15:17:01] (S): Attachment inserted
[22/Feb/2021:15:17:01] (S): Processed attachment.
[22/Feb/2021:15:17:01] (P): Processing attachment: https://s33834.pcdn.co/shop/wp-content/uploads/sites/188/2019/03/tamara-bellis-XGhtJXY-yY-unsplash-1.jpg...
[22/Feb/2021:15:17:01] (P): Fetching attachment from url: https://s33834.pcdn.co/shop/wp-content/uploads/sites/188/2019/03/tamara-bellis-XGhtJXY-yY-unsplash-1.jpg...
[22/Feb/2021:15:17:01] (S): Fetched remote attachment.
[22/Feb/2021:15:17:01] (P): Inserting attachment...
[22/Feb/2021:15:17:01] (S): Attachment inserted
[22/Feb/2021:15:17:01] (S): Processed attachment.
[22/Feb/2021:15:17:01] (P): Processing attachment: https://s33834.pcdn.co/shop/wp-content/uploads/sites/188/2019/03/tamara-bellis-9p8UKueTork-unsplash.jpg...
[22/Feb/2021:15:17:01] (P): Fetching attachment from url: https://s33834.pcdn.co/shop/wp-content/uploads/sites/188/2019/03/tamara-bellis-9p8UKueTork-unsplash.jpg...
[22/Feb/2021:15:17:01] (S): Fetched remote attachment.
[22/Feb/2021:15:17:01] (P): Inserting attachment...
[22/Feb/2021:15:17:01] (S): Attachment inserted
[22/Feb/2021:15:17:01] (S): Processed attachment.
[22/Feb/2021:15:17:01] (P): Processing attachment: https://s33834.pcdn.co/shop/wp-content/uploads/sites/188/2019/07/yuiizaa-september-orYix9zFUZo-unsplash.jpg...
[22/Feb/2021:15:17:01] (P): Fetching attachment from url: https://s33834.pcdn.co/shop/wp-content/uploads/sites/188/2019/07/yuiizaa-september-orYix9zFUZo-unsplash.jpg...
[22/Feb/2021:15:17:01] (S): Fetched remote attachment.
[22/Feb/2021:15:17:01] (P): Inserting attachment...
[22/Feb/2021:15:17:01] (S): Attachment inserted
[22/Feb/2021:15:17:01] (S): Processed attachment.
[22/Feb/2021:15:17:01] (P): Processing attachment: https://s33834.pcdn.co/shop/wp-content/uploads/sites/188/2019/07/joshua-rawson-harris-bMMOBVp6KQU-unsplash.jpg...
[22/Feb/2021:15:17:01] (P): Fetching attachment from url: https://s33834.pcdn.co/shop/wp-content/uploads/sites/188/2019/07/joshua-rawson-harris-bMMOBVp6KQU-unsplash.jpg...
[22/Feb/2021:15:17:01] (S): Fetched remote attachment.
[22/Feb/2021:15:17:01] (P): Inserting attachment...
[22/Feb/2021:15:17:01] (S): Attachment inserted
[22/Feb/2021:15:17:01] (S): Processed attachment.
[22/Feb/2021:15:17:01] (P): Processing attachment: https://s33834.pcdn.co/shop/wp-content/uploads/sites/188/2019/07/aldair-vargas-3JPxEsnwNrM-unsplash.jpg...
[22/Feb/2021:15:17:01] (P): Fetching attachment from url: https://s33834.pcdn.co/shop/wp-content/uploads/sites/188/2019/07/aldair-vargas-3JPxEsnwNrM-unsplash.jpg...
[22/Feb/2021:15:17:02] (S): Fetched remote attachment.
[22/Feb/2021:15:17:02] (P): Inserting attachment...
[22/Feb/2021:15:17:02] (S): Attachment inserted
[22/Feb/2021:15:17:02] (S): Processed attachment.
[22/Feb/2021:15:17:02] (P): Processing attachment: https://s33834.pcdn.co/shop/wp-content/uploads/sites/188/2019/07/whereslugo-croTkGSyM64-unsplash.jpg...
[22/Feb/2021:15:17:02] (P): Fetching attachment from url: https://s33834.pcdn.co/shop/wp-content/uploads/sites/188/2019/07/whereslugo-croTkGSyM64-unsplash.jpg...
[22/Feb/2021:15:17:02] (S): Fetched remote attachment.
[22/Feb/2021:15:17:02] (P): Inserting attachment...
[22/Feb/2021:15:17:02] (S): Attachment inserted
[22/Feb/2021:15:17:02] (S): Processed attachment.
[22/Feb/2021:15:17:02] (P): Processing attachment: https://s33834.pcdn.co/shop/wp-content/uploads/sites/188/2019/07/alex-perez-VLPLo-GtrIE-unsplash.jpg...
[22/Feb/2021:15:17:02] (P): Fetching attachment from url: https://s33834.pcdn.co/shop/wp-content/uploads/sites/188/2019/07/alex-perez-VLPLo-GtrIE-unsplash.jpg...
[22/Feb/2021:15:17:02] (S): Fetched remote attachment.
[22/Feb/2021:15:17:02] (P): Inserting attachment...
[22/Feb/2021:15:17:02] (S): Attachment inserted
[22/Feb/2021:15:17:02] (S): Processed attachment.
[22/Feb/2021:15:17:02] (P): Processing attachment: https://s33834.pcdn.co/shop/wp-content/uploads/sites/188/2019/07/daniel-monteiro-u8yJtV_9M9U-unsplash.jpg...
[22/Feb/2021:15:17:02] (P): Fetching attachment from url: https://s33834.pcdn.co/shop/wp-content/uploads/sites/188/2019/07/daniel-monteiro-u8yJtV_9M9U-unsplash.jpg...
[22/Feb/2021:15:17:02] (S): Fetched remote attachment.
[22/Feb/2021:15:17:02] (P): Inserting attachment...
[22/Feb/2021:15:17:02] (S): Attachment inserted
[22/Feb/2021:15:17:02] (S): Processed attachment.
[22/Feb/2021:15:17:02] (P): Processing attachment: https://s33834.pcdn.co/shop/wp-content/uploads/sites/188/2019/03/james-connolly-WUo0EdSv9OU-unsplash.jpg...
[22/Feb/2021:15:17:02] (P): Fetching attachment from url: https://s33834.pcdn.co/shop/wp-content/uploads/sites/188/2019/03/james-connolly-WUo0EdSv9OU-unsplash.jpg...
[22/Feb/2021:15:17:02] (S): Fetched remote attachment.
[22/Feb/2021:15:17:02] (P): Inserting attachment...
[22/Feb/2021:15:17:02] (S): Attachment inserted
[22/Feb/2021:15:17:02] (S): Processed attachment.
[22/Feb/2021:15:17:02] (P): Processing attachment: https://s33834.pcdn.co/shop/wp-content/uploads/sites/188/2019/03/khachik-simonian-nXOB-wh4Oyc-unsplash.jpg...
[22/Feb/2021:15:17:02] (P): Fetching attachment from url: https://s33834.pcdn.co/shop/wp-content/uploads/sites/188/2019/03/khachik-simonian-nXOB-wh4Oyc-unsplash.jpg...
[22/Feb/2021:15:17:02] (S): Fetched remote attachment.
[22/Feb/2021:15:17:02] (P): Inserting attachment...
[22/Feb/2021:15:17:02] (S): Attachment inserted
[22/Feb/2021:15:17:02] (S): Processed attachment.
[22/Feb/2021:15:17:02] (P): Processing attachment: https://s33834.pcdn.co/shop/wp-content/uploads/sites/188/2019/03/alex-perez-NLUkAA-nDdE-unsplash.jpg...
[22/Feb/2021:15:17:02] (P): Fetching attachment from url: https://s33834.pcdn.co/shop/wp-content/uploads/sites/188/2019/03/alex-perez-NLUkAA-nDdE-unsplash.jpg...
[22/Feb/2021:15:17:02] (S): Fetched remote attachment.
[22/Feb/2021:15:17:02] (P): Inserting attachment...
[22/Feb/2021:15:17:02] (S): Attachment inserted
[22/Feb/2021:15:17:02] (S): Processed attachment.
[22/Feb/2021:15:17:02] (P): Inserting page: Home .
[22/Feb/2021:15:17:02] (S): Done inserting page: Home .
[22/Feb/2021:15:17:02] (P): Filtering elementor meta...
[22/Feb/2021:15:17:02] (S): Filtered elementor meta.
[22/Feb/2021:15:17:02] (P): Inserting custom_css: neve .
[22/Feb/2021:15:17:02] (S): Done inserting custom_css: neve .
[22/Feb/2021:15:17:02] (P): Inserting page: Shop .
[22/Feb/2021:15:17:02] (S): Done inserting page: Shop .
[22/Feb/2021:15:17:02] (P): Processing single menu item ' '...
[22/Feb/2021:15:17:02] (P): Processing single menu item ' '...
[22/Feb/2021:15:17:02] (P): Processing single menu item ' About '...
[22/Feb/2021:15:17:02] (P): Processing single menu item ' '...
[22/Feb/2021:15:17:02] (S): Processed single menu item.
[22/Feb/2021:15:17:02] (P): Processing single menu item ' '...
[22/Feb/2021:15:17:02] (S): Processed single menu item.
[22/Feb/2021:15:17:02] (P): Processing single menu item ' '...
[22/Feb/2021:15:17:02] (S): Processed single menu item.
[22/Feb/2021:15:17:02] (P): Processing single menu item ' '...
[22/Feb/2021:15:17:02] (S): Processed single menu item.
[22/Feb/2021:15:17:02] (P): Processing single menu item ' '...
[22/Feb/2021:15:17:02] (S): Processed single menu item.
[22/Feb/2021:15:17:02] (P): Processing single menu item ' Hats '...
[22/Feb/2021:15:17:02] (S): Processed single menu item.
[22/Feb/2021:15:17:02] (P): Processing single menu item ' '...
[22/Feb/2021:15:17:02] (S): Processed single menu item.
[22/Feb/2021:15:17:02] (P): Processing attachment: https://s33834.pcdn.co/shop/wp-content/uploads/sites/188/woocommerce-placeholder.png...
[22/Feb/2021:15:17:02] (P): Fetching attachment from url: https://s33834.pcdn.co/shop/wp-content/uploads/sites/188/woocommerce-placeholder.png...
[22/Feb/2021:15:17:02] (S): Fetched remote attachment.
[22/Feb/2021:15:17:02] (P): Inserting attachment...
[22/Feb/2021:15:17:02] (S): Attachment inserted
[22/Feb/2021:15:17:02] (S): Processed attachment.
[22/Feb/2021:15:17:02] (P): Processing attachment: https://s33834.pcdn.co/shop/wp-content/uploads/sites/188/2020/10/blog-cover-3.png...
[22/Feb/2021:15:17:02] (P): Fetching attachment from url: https://s33834.pcdn.co/shop/wp-content/uploads/sites/188/2020/10/blog-cover-3.png...
[22/Feb/2021:15:17:03] (S): Fetched remote attachment.
[22/Feb/2021:15:17:03] (P): Inserting attachment...
[22/Feb/2021:15:17:03] (S): Attachment inserted
[22/Feb/2021:15:17:03] (S): Processed attachment.
[22/Feb/2021:15:17:03] (P): Processing attachment: https://s33834.pcdn.co/shop/wp-content/uploads/sites/188/2020/10/shop-logo.png...
[22/Feb/2021:15:17:03] (P): Fetching attachment from url: https://s33834.pcdn.co/shop/wp-content/uploads/sites/188/2020/10/shop-logo.png...
[22/Feb/2021:15:17:03] (S): Fetched remote attachment.
[22/Feb/2021:15:17:03] (P): Inserting attachment...
[22/Feb/2021:15:17:03] (S): Attachment inserted
[22/Feb/2021:15:17:03] (S): Processed attachment.
[22/Feb/2021:15:17:03] (P): Processing attachment: https://s33834.pcdn.co/shop/wp-content/uploads/sites/188/2020/10/cropped-shop-logo.png...
[22/Feb/2021:15:17:03] (P): Fetching attachment from url: https://s33834.pcdn.co/shop/wp-content/uploads/sites/188/2020/10/cropped-shop-logo.png...
[22/Feb/2021:15:17:03] (S): Fetched remote attachment.
[22/Feb/2021:15:17:03] (P): Inserting attachment...
[22/Feb/2021:15:17:03] (S): Attachment inserted
[22/Feb/2021:15:17:03] (S): Processed attachment.
[22/Feb/2021:15:17:03] (P): Processing attachment: https://s33834.pcdn.co/shop/wp-content/uploads/sites/188/2020/10/shop-icon.png...
[22/Feb/2021:15:17:03] (P): Fetching attachment from url: https://s33834.pcdn.co/shop/wp-content/uploads/sites/188/2020/10/shop-icon.png...
[22/Feb/2021:15:17:03] (S): Fetched remote attachment.
[22/Feb/2021:15:17:03] (P): Inserting attachment...
[22/Feb/2021:15:17:03] (S): Attachment inserted
[22/Feb/2021:15:17:03] (S): Processed attachment.
[22/Feb/2021:15:17:03] (P): Processing attachment: https://s33834.pcdn.co/shop/wp-content/uploads/sites/188/2020/10/cropped-shop-icon.png...
[22/Feb/2021:15:17:03] (P): Fetching attachment from url: https://s33834.pcdn.co/shop/wp-content/uploads/sites/188/2020/10/cropped-shop-icon.png...
[22/Feb/2021:15:17:03] (S): Fetched remote attachment.
[22/Feb/2021:15:17:03] (P): Inserting attachment...
[22/Feb/2021:15:17:03] (S): Attachment inserted
[22/Feb/2021:15:17:03] (S): Processed attachment.
[22/Feb/2021:15:17:03] (P): Inserting page: Cart .
[22/Feb/2021:15:17:03] (S): Done inserting page: Cart .
[22/Feb/2021:15:17:03] (P): Inserting page: Checkout .
[22/Feb/2021:15:17:03] (S): Done inserting page: Checkout .
[22/Feb/2021:15:17:03] (P): Inserting page: My account .
[22/Feb/2021:15:17:03] (S): Done inserting page: My account .
[22/Feb/2021:15:17:03] (P): Inserting product: Black Hat .
[22/Feb/2021:15:17:03] (S): Done inserting product: Black Hat .
[22/Feb/2021:15:17:03] (P): Inserting product: White Blouse .
[22/Feb/2021:15:17:03] (S): Done inserting product: White Blouse .
[22/Feb/2021:15:17:03] (P): Inserting product: Black Dress .
[22/Feb/2021:15:17:03] (S): Done inserting product: Black Dress .
[22/Feb/2021:15:17:03] (P): Inserting product: Blue Sweater .
[22/Feb/2021:15:17:03] (S): Done inserting product: Blue Sweater .
[22/Feb/2021:15:17:03] (P): Inserting product: Infuse Tshirt .
[22/Feb/2021:15:17:03] (S): Done inserting product: Infuse Tshirt .
[22/Feb/2021:15:17:03] (P): Inserting product: Striped dress .
[22/Feb/2021:15:17:03] (S): Done inserting product: Striped dress .
[22/Feb/2021:15:17:03] (P): Inserting product: Custom Tee .
[22/Feb/2021:15:17:03] (S): Done inserting product: Custom Tee .
[22/Feb/2021:15:17:03] (P): Inserting product: Leather Jacket .
[22/Feb/2021:15:17:03] (S): Done inserting product: Leather Jacket .
[22/Feb/2021:15:17:03] (P): Inserting product: Red Socks .
[22/Feb/2021:15:17:03] (S): Done inserting product: Red Socks .
[22/Feb/2021:15:17:03] (P): Inserting page: About Us .
[22/Feb/2021:15:17:03] (S): Done inserting page: About Us .
[22/Feb/2021:15:17:03] (P): Filtering elementor meta...
[22/Feb/2021:15:17:03] (S): Filtered elementor meta.
[22/Feb/2021:15:17:03] (P): Inserting page: Contact .
[22/Feb/2021:15:17:03] (S): Done inserting page: Contact .
[22/Feb/2021:15:17:03] (P): Filtering elementor meta...
[22/Feb/2021:15:17:03] (S): Filtered elementor meta.
[22/Feb/2021:15:17:03] (P): Inserting page: Blog .
[22/Feb/2021:15:17:03] (S): Done inserting page: Blog .
[22/Feb/2021:15:17:03] (P): Inserting post: Everything Mobile-Friendly and Responsive .
[22/Feb/2021:15:17:03] (S): Done inserting post: Everything Mobile-Friendly and Responsive .
[22/Feb/2021:15:17:03] (P): Inserting post: Video Post .
[22/Feb/2021:15:17:03] (S): Done inserting post: Video Post .
[22/Feb/2021:15:17:03] (P): Inserting post: Blog Post Title .
[22/Feb/2021:15:17:03] (S): Done inserting post: Blog Post Title .
[22/Feb/2021:15:17:03] (P): Inserting post: Fashion Trends 2021 .
[22/Feb/2021:15:17:03] (S): Done inserting post: Fashion Trends 2021 .
[22/Feb/2021:15:17:03] (S): Processed posts.
[22/Feb/2021:15:17:03] (P): Processing single menu item ' '...
[22/Feb/2021:15:17:03] (S): Processed single menu item.
[22/Feb/2021:15:17:03] (P): Processing single menu item ' '...
[22/Feb/2021:15:17:03] (S): Processed single menu item.
[22/Feb/2021:15:17:03] (P): Processing single menu item ' About '...
[22/Feb/2021:15:17:03] (S): Processed single menu item.
[22/Feb/2021:15:17:03] (P): Cleaning up import with id ...
[22/Feb/2021:15:17:03] (P): Done cleanup. Flushing cache...
[22/Feb/2021:15:17:03] (P): Flushed cache. Removing temporary data..
[22/Feb/2021:15:17:03] (S): Done importing
[22/Feb/2021:15:17:03] (P): Busting elementor cache
[22/Feb/2021:15:17:03] (S): Front page set up with id: 261.
[22/Feb/2021:15:17:03] (P): Setting up shop page.
[22/Feb/2021:15:17:03] (S): Shop pages set up.
